<?xml version="1.0" encoding="UTF-8"?>
<testng-results skipped="0" failed="0" ignored="0" total="1" passed="1">
  <reporter-output>
  </reporter-output>
  <suite name="Surefire suite" duration-ms="17" started-at="2022-06-15T14:16:58Z" finished-at="2022-06-15T14:16:58Z">
    <groups>
    </groups>
    <test name="Surefire test" duration-ms="17" started-at="2022-06-15T14:16:58Z" finished-at="2022-06-15T14:16:58Z">
      <class name="HelloWorldTest">
        <test-method status="PASS" signature="test1()[pri:0, instance:HelloWorldTest@4563e9ab]" name="test1" duration-ms="4" started-at="2022-06-15T14:16:58Z" finished-at="2022-06-15T14:16:58Z">
          <reporter-output>
          </reporter-output>
        </test-method> <!-- test1 -->
      </class> <!-- HelloWorldTest -->
    </test> <!-- Surefire test -->
  </suite> <!-- Surefire suite -->
</testng-results>
